<?xml version="1.0" encoding="UTF-8"?>
<testsuite xmlns:xsi="http://www.w3.org/2001/XMLSchema-instance" xsi:noNamespaceSchemaLocation="https://maven.apache.org/surefire/maven-surefire-plugin/xsd/surefire-test-report-3.0.xsd" version="3.0" name="stepdefs.TestRunner" time="97.375" tests="5" errors="0" skipped="0" failures="0">
  <properties>
[...]
</properties>
  <testcase name="Validate the application for failure scenario" classname="This feature is to test the simplilearn application for both success and failure scenario" time="21.436">
    <system-out><![CDATA[
@Browser @Sanity
Scenario: Validate the application for failure scenario # src/test/java/features/Login.feature:16
  Given I have launched the application                 # stepdefs.LoginstepDef.i_have_launched_the_application()
  And I click on login link                             # stepdefs.LoginstepDef.i_click_on_login_link()
  When I enter the username                             # stepdefs.LoginstepDef.i_enter_the_username()
  And I enter the password                              # stepdefs.LoginstepDef.i_enter_the_password()
  And I click the login button                          # stepdefs.LoginstepDef.i_click_the_login_button()
  Then I should get an error message                    # stepdefs.LoginstepDef.i_should_get_an_error_message()
]]></system-out>
    <system-err><![CDATA[Sep 27, 2023 3:20:36 PM io.cucumber.junit.Cucumber <init>
WARNING: By default Cucumber is running in --non-strict mode.
This default will change to --strict and --non-strict will be removed.
You can use --strict or @CucumberOptions(strict = true) to suppress this warning
SLF4J: Failed to load class "org.slf4j.impl.StaticLoggerBinder".
SLF4J: Defaulting to no-operation (NOP) logger implementation
SLF4J: See http://www.slf4j.org/codes.html#StaticLoggerBinder for further details.
1695808239969	geckodriver	INFO	Listening on 127.0.0.1:29707
1695808240712	mozrunner::runner	INFO	Running command: "C:\\Program Files\\Mozilla Firefox\\firefox.exe" "--marionette" "-no-remote" "-profile" "C:\\Users\\Sweta\\AppData\\Local\\Temp\\rust_mozprofilewwfAfB"
console.warn: services.settings: Ignoring preference override of remote settings server
console.warn: services.settings: Allow by setting MOZ_REMOTE_SETTINGS_DEVTOOLS=1 in the environment
1695808241152	Marionette	INFO	Marionette enabled
Dynamically enable window occlusion 0
1695808241840	Marionette	INFO	Listening on port 61993
Read port: 61993
1695808242063	RemoteAgent	WARN	TLS certificate errors will be ignored for this session
Sep 27, 2023 3:20:43 PM org.openqa.selenium.remote.ProtocolHandshake createSession
INFO: Detected dialect: W3C
1695808245852	Marionette	WARN	Ignoring event 'DOMContentLoaded' because document has an invalid readyState of 'complete'.
JavaScript warning: https://accounts.simplilearn.com/user/login?redirect_url=https%3A%2F%2Flms.simplilearn.com%2F, line 748: unreachable code after return statement
1695808248969	Marionette	WARN	Ignoring event 'pageshow' because document has an invalid readyState of 'interactive'.
JavaScript error: https://cfaccounts.simplicdn.net/core/js/utility.1660046122.js, line 71: SyntaxError: JSON.parse: unexpected character at line 1 column 1 of the JSON data
console.warn: LoginRecipes: "Falling back to a synchronous message for: https://accounts.simplilearn.com."
console.warn: LoginRecipes: "Falling back to a synchronous message for: https://accounts.simplilearn.com."
JavaScript warning: https://accounts.simplilearn.com/user/login?redirect_url=https%3A%2F%2Flms.simplilearn.com%2F, line 748: unreachable code after return statement
JavaScript warning: https://service.force.com/embeddedservice/5.0/frame/chasitor.esw.min.js, line 5: Script terminated by timeout at:
e/<@https://service.force.com/embeddedservice/5.0/frame/chasitor.esw.min.js:5:68

1695808256051	Marionette	WARN	Ignoring event 'pageshow' because document has an invalid readyState of 'interactive'.
JavaScript error: https://cfaccounts.simplicdn.net/core/js/utility.1660046122.js, line 71: SyntaxError: JSON.parse: unexpected character at line 1 column 1 of the JSON data
1695808257451	Marionette	INFO	Stopped listening on port 61993
JavaScript warning: https://www.gstatic.com/_/mss/boq-identity/_/js/k=boq-identity.IdpIFrameHttp.en_US.temKFsPbyvU.es5.O/d=1/rs=AOaEmlGG4frfxRBYf5nXYATqecArlM_70A/m=base, line 93: Script terminated by timeout at:
Kd@https://www.gstatic.com/_/mss/boq-identity/_/js/k=boq-identity.IdpIFrameHttp.en_US.temKFsPbyvU.es5.O/d=1/rs=AOaEmlGG4frfxRBYf5nXYATqecArlM_70A/m=base:93:463
zf@https://www.gstatic.com/_/mss/boq-identity/_/js/k=boq-identity.IdpIFrameHttp.en_US.temKFsPbyvU.es5.O/d=1/rs=AOaEmlGG4frfxRBYf5nXYATqecArlM_70A/m=base:115:110
T.prototype.B@https://www.gstatic.com/_/mss/boq-identity/_/js/k=boq-identity.IdpIFrameHttp.en_US.temKFsPbyvU.es5.O/d=1/rs=AOaEmlGG4frfxRBYf5nXYATqecArlM_70A/m=base:116:803

JavaScript warning: https://service.force.com/embeddedservice/5.0/utils/common.min.js, line 4: Script terminated by timeout at:
f.prototype.isCommunityOrSite@https://service.force.com/embeddedservice/5.0/utils/common.min.js:4:390
d.prototype.loadLightningOutScripts/<@https://service.force.com/embeddedservice/5.0/esw.min.js:10:28
d.prototype.loadLightningOutScripts@https://service.force.com/embeddedservice/5.0/esw.min.js:9:363
d.prototype.bootstrapEmbeddedService/<@https://service.force.com/embeddedservice/5.0/esw.min.js:14:512
d.prototype.bootstrapEmbeddedService@https://service.force.com/embeddedservice/5.0/esw.min.js:14:469
initESW/</<@https://accounts.simplilearn.com/user/login?redirect_url=https%3A%2F%2Flms.simplilearn.com%2F:364:19

Dynamically enable window occlusion 1
]]></system-err>
  </testcase>
  <testcase name="Validate the application for failure scenario using parameters" classname="This feature is to test the simplilearn application for both success and failure scenario" time="19.435">
    <system-out><![CDATA[
@Browser @Sanity
Scenario: Validate the application for failure scenario using parameters                     # src/test/java/features/Login.feature:23
  Given I have launched the application                                                      # stepdefs.LoginstepDef.i_have_launched_the_application()
  And I click on login link                                                                  # stepdefs.LoginstepDef.i_click_on_login_link()
  When I enter the username as "abc@xyz.com"                                                 # stepdefs.LoginstepDef.i_enter_the_username_as(java.lang.String)
  And I enter the password as "Abc@xyz123"                                                   # stepdefs.LoginstepDef.i_enter_the_password_as(java.lang.String)
  And I click the login button                                                               # stepdefs.LoginstepDef.i_click_the_login_button()
  Then I should get an error message as "The email or password you have entered is invalid." # stepdefs.LoginstepDef.i_should_get_an_error_message_as(java.lang.String)
]]></system-out>
    <system-err><![CDATA[1695808258923	geckodriver	INFO	Listening on 127.0.0.1:37088
1695808259419	mozrunner::runner	INFO	Running command: "C:\\Program Files\\Mozilla Firefox\\firefox.exe" "--marionette" "-no-remote" "-profile" "C:\\Users\\Sweta\\AppData\\Local\\Temp\\rust_mozprofileQoLjKI"
console.warn: services.settings: Ignoring preference override of remote settings server
console.warn: services.settings: Allow by setting MOZ_REMOTE_SETTINGS_DEVTOOLS=1 in the environment
1695808259879	Marionette	INFO	Marionette enabled
Dynamically enable window occlusion 0
1695808260665	Marionette	INFO	Listening on port 62112
Read port: 62112
1695808260920	RemoteAgent	WARN	TLS certificate errors will be ignored for this session
Sep 27, 2023 3:21:03 PM org.openqa.selenium.remote.ProtocolHandshake createSession
INFO: Detected dialect: W3C
1695808265284	Marionette	WARN	Ignoring event 'DOMContentLoaded' because document has an invalid readyState of 'complete'.
JavaScript warning: https://accounts.simplilearn.com/user/login?redirect_url=https%3A%2F%2Flms.simplilearn.com%2F, line 748: unreachable code after return statement
1695808268851	Marionette	WARN	Ignoring event 'pageshow' because document has an invalid readyState of 'interactive'.
JavaScript error: https://cfaccounts.simplicdn.net/core/js/utility.1660046122.js, line 71: SyntaxError: JSON.parse: unexpected character at line 1 column 1 of the JSON data
console.warn: LoginRecipes: "Falling back to a synchronous message for: https://accounts.simplilearn.com."
console.warn: LoginRecipes: "Falling back to a synchronous message for: https://accounts.simplilearn.com."
JavaScript warning: https://accounts.simplilearn.com/user/login?redirect_url=https%3A%2F%2Flms.simplilearn.com%2F, line 748: unreachable code after return statement
JavaScript warning: https://service.force.com/embeddedservice/5.0/frame/chasitor.esw.min.js, line 5: Script terminated by timeout at:
e/<@https://service.force.com/embeddedservice/5.0/frame/chasitor.esw.min.js:5:68

1695808275528	Marionette	WARN	Ignoring event 'pageshow' because document has an invalid readyState of 'interactive'.
JavaScript error: https://cfaccounts.simplicdn.net/core/js/utility.1660046122.js, line 71: SyntaxError: JSON.parse: unexpected character at line 1 column 1 of the JSON data
1695808276867	Marionette	INFO	Stopped listening on port 62112
JavaScript warning: https://service.force.com/embeddedservice/5.0/utils/common.min.js, line 4: Script terminated by timeout at:
f.prototype.isCommunityOrSite@https://service.force.com/embeddedservice/5.0/utils/common.min.js:4:390
d.prototype.loadLightningOutScripts/<@https://service.force.com/embeddedservice/5.0/esw.min.js:10:28
d.prototype.loadLightningOutScripts@https://service.force.com/embeddedservice/5.0/esw.min.js:9:363
d.prototype.bootstrapEmbeddedService/<@https://service.force.com/embeddedservice/5.0/esw.min.js:14:512
d.prototype.bootstrapEmbeddedService@https://service.force.com/embeddedservice/5.0/esw.min.js:14:469
initESW/</<@https://accounts.simplilearn.com/user/login?redirect_url=https%3A%2F%2Flms.simplilearn.com%2F:364:19

JavaScript warning: https://www.gstatic.com/_/mss/boq-identity/_/js/k=boq-identity.IdpIFrameHttp.en_US.temKFsPbyvU.es5.O/d=1/rs=AOaEmlGG4frfxRBYf5nXYATqecArlM_70A/m=base, line 93: Script terminated by timeout at:
Kd@https://www.gstatic.com/_/mss/boq-identity/_/js/k=boq-identity.IdpIFrameHttp.en_US.temKFsPbyvU.es5.O/d=1/rs=AOaEmlGG4frfxRBYf5nXYATqecArlM_70A/m=base:93:463
zf@https://www.gstatic.com/_/mss/boq-identity/_/js/k=boq-identity.IdpIFrameHttp.en_US.temKFsPbyvU.es5.O/d=1/rs=AOaEmlGG4frfxRBYf5nXYATqecArlM_70A/m=base:115:110
T.prototype.B@https://www.gstatic.com/_/mss/boq-identity/_/js/k=boq-identity.IdpIFrameHttp.en_US.temKFsPbyvU.es5.O/d=1/rs=AOaEmlGG4frfxRBYf5nXYATqecArlM_70A/m=base:116:803

Dynamically enable window occlusion 1
]]></system-err>
  </testcase>
  <testcase name="Validate the application for failure scenario using parameters" classname="This feature is to test the simplilearn application for both success and failure scenario" time="18.262">
    <system-out><![CDATA[
@Browser @Regression @Sanity
Scenario Outline: Validate the application for failure scenario using parameters             # src/test/java/features/Login.feature:38
  Given I have launched the application                                                      # stepdefs.LoginstepDef.i_have_launched_the_application()
  And I click on login link                                                                  # stepdefs.LoginstepDef.i_click_on_login_link()
  When I enter the username as "swe@xyz.com"                                                 # stepdefs.LoginstepDef.i_enter_the_username_as(java.lang.String)
  And I enter the password as "Dev@1234"                                                     # stepdefs.LoginstepDef.i_enter_the_password_as(java.lang.String)
  And I click the login button                                                               # stepdefs.LoginstepDef.i_click_the_login_button()
  Then I should get an error message as "The email or password you have entered is invalid." # stepdefs.LoginstepDef.i_should_get_an_error_message_as(java.lang.String)
]]></system-out>
    <system-err><![CDATA[1695808278369	geckodriver	INFO	Listening on 127.0.0.1:33286
1695808278857	mozrunner::runner	INFO	Running command: "C:\\Program Files\\Mozilla Firefox\\firefox.exe" "--marionette" "-no-remote" "-profile" "C:\\Users\\Sweta\\AppData\\Local\\Temp\\rust_mozprofileoLK7ur"
console.warn: services.settings: Ignoring preference override of remote settings server
console.warn: services.settings: Allow by setting MOZ_REMOTE_SETTINGS_DEVTOOLS=1 in the environment
1695808279344	Marionette	INFO	Marionette enabled
Dynamically enable window occlusion 0
1695808280110	Marionette	INFO	Listening on port 62235
Read port: 62235
1695808280370	RemoteAgent	WARN	TLS certificate errors will be ignored for this session
Sep 27, 2023 3:21:22 PM org.openqa.selenium.remote.ProtocolHandshake createSession
INFO: Detected dialect: W3C
1695808284119	Marionette	WARN	Ignoring event 'DOMContentLoaded' because document has an invalid readyState of 'complete'.
JavaScript warning: https://accounts.simplilearn.com/user/login?redirect_url=https%3A%2F%2Flms.simplilearn.com%2F, line 748: unreachable code after return statement
1695808287142	Marionette	WARN	Ignoring event 'pageshow' because document has an invalid readyState of 'interactive'.
JavaScript error: https://cfaccounts.simplicdn.net/core/js/utility.1660046122.js, line 71: SyntaxError: JSON.parse: unexpected character at line 1 column 1 of the JSON data
console.warn: LoginRecipes: "Falling back to a synchronous message for: https://accounts.simplilearn.com."
console.warn: LoginRecipes: "Falling back to a synchronous message for: https://accounts.simplilearn.com."
JavaScript warning: https://accounts.simplilearn.com/user/login?redirect_url=https%3A%2F%2Flms.simplilearn.com%2F, line 748: unreachable code after return statement
JavaScript warning: https://service.force.com/embeddedservice/5.0/frame/chasitor.esw.min.js, line 5: Script terminated by timeout at:
e/<@https://service.force.com/embeddedservice/5.0/frame/chasitor.esw.min.js:5:68

1695808293861	Marionette	WARN	Ignoring event 'pageshow' because document has an invalid readyState of 'interactive'.
JavaScript error: https://cfaccounts.simplicdn.net/core/js/utility.1660046122.js, line 71: SyntaxError: JSON.parse: unexpected character at line 1 column 1 of the JSON data
1695808295216	Marionette	INFO	Stopped listening on port 62235
JavaScript warning: https://service.force.com/embeddedservice/5.0/utils/common.min.js, line 4: Script terminated by timeout at:
f.prototype.isCommunityOrSite@https://service.force.com/embeddedservice/5.0/utils/common.min.js:4:390
d.prototype.loadLightningOutScripts/<@https://service.force.com/embeddedservice/5.0/esw.min.js:10:28
d.prototype.loadLightningOutScripts@https://service.force.com/embeddedservice/5.0/esw.min.js:9:363
d.prototype.bootstrapEmbeddedService/<@https://service.force.com/embeddedservice/5.0/esw.min.js:14:512
d.prototype.bootstrapEmbeddedService@https://service.force.com/embeddedservice/5.0/esw.min.js:14:469
initESW/</<@https://accounts.simplilearn.com/user/login?redirect_url=https%3A%2F%2Flms.simplilearn.com%2F:364:19

JavaScript warning: https://www.gstatic.com/_/mss/boq-identity/_/js/k=boq-identity.IdpIFrameHttp.en_US.temKFsPbyvU.es5.O/d=1/rs=AOaEmlGG4frfxRBYf5nXYATqecArlM_70A/m=base, line 93: Script terminated by timeout at:
Kd@https://www.gstatic.com/_/mss/boq-identity/_/js/k=boq-identity.IdpIFrameHttp.en_US.temKFsPbyvU.es5.O/d=1/rs=AOaEmlGG4frfxRBYf5nXYATqecArlM_70A/m=base:93:463
zf@https://www.gstatic.com/_/mss/boq-identity/_/js/k=boq-identity.IdpIFrameHttp.en_US.temKFsPbyvU.es5.O/d=1/rs=AOaEmlGG4frfxRBYf5nXYATqecArlM_70A/m=base:115:110
T.prototype.B@https://www.gstatic.com/_/mss/boq-identity/_/js/k=boq-identity.IdpIFrameHttp.en_US.temKFsPbyvU.es5.O/d=1/rs=AOaEmlGG4frfxRBYf5nXYATqecArlM_70A/m=base:116:803

Dynamically enable window occlusion 1
]]></system-err>
  </testcase>
  <testcase name="Validate the application for failure scenario using parameters" classname="This feature is to test the simplilearn application for both success and failure scenario" time="19.612">
    <system-out><![CDATA[
@Browser @Regression @Sanity
Scenario Outline: Validate the application for failure scenario using parameters             # src/test/java/features/Login.feature:39
  Given I have launched the application                                                      # stepdefs.LoginstepDef.i_have_launched_the_application()
  And I click on login link                                                                  # stepdefs.LoginstepDef.i_click_on_login_link()
  When I enter the username as "simpl@xyz.com"                                               # stepdefs.LoginstepDef.i_enter_the_username_as(java.lang.String)
  And I enter the password as "Learn@12"                                                     # stepdefs.LoginstepDef.i_enter_the_password_as(java.lang.String)
  And I click the login button                                                               # stepdefs.LoginstepDef.i_click_the_login_button()
  Then I should get an error message as "The email or password you have entered is invalid." # stepdefs.LoginstepDef.i_should_get_an_error_message_as(java.lang.String)
]]></system-out>
    <system-err><![CDATA[1695808296618	geckodriver	INFO	Listening on 127.0.0.1:24341
1695808297117	mozrunner::runner	INFO	Running command: "C:\\Program Files\\Mozilla Firefox\\firefox.exe" "--marionette" "-no-remote" "-profile" "C:\\Users\\Sweta\\AppData\\Local\\Temp\\rust_mozprofileB6SS45"
console.warn: services.settings: Ignoring preference override of remote settings server
console.warn: services.settings: Allow by setting MOZ_REMOTE_SETTINGS_DEVTOOLS=1 in the environment
1695808297588	Marionette	INFO	Marionette enabled
Dynamically enable window occlusion 0
1695808298377	Marionette	INFO	Listening on port 62353
Read port: 62353
1695808298647	RemoteAgent	WARN	TLS certificate errors will be ignored for this session
Sep 27, 2023 3:21:40 PM org.openqa.selenium.remote.ProtocolHandshake createSession
INFO: Detected dialect: W3C
1695808302224	Marionette	WARN	Ignoring event 'DOMContentLoaded' because document has an invalid readyState of 'complete'.
JavaScript warning: https://accounts.simplilearn.com/user/login?redirect_url=https%3A%2F%2Flms.simplilearn.com%2F, line 748: unreachable code after return statement
1695808305292	Marionette	WARN	Ignoring event 'pageshow' because document has an invalid readyState of 'interactive'.
JavaScript error: https://cfaccounts.simplicdn.net/core/js/utility.1660046122.js, line 71: SyntaxError: JSON.parse: unexpected character at line 1 column 1 of the JSON data
console.warn: LoginRecipes: "Falling back to a synchronous message for: https://accounts.simplilearn.com."
console.warn: LoginRecipes: "Falling back to a synchronous message for: https://accounts.simplilearn.com."
JavaScript warning: https://accounts.simplilearn.com/user/login?redirect_url=https%3A%2F%2Flms.simplilearn.com%2F, line 748: unreachable code after return statement
JavaScript warning: https://service.force.com/embeddedservice/5.0/frame/chasitor.esw.min.js, line 5: Script terminated by timeout at:
e/<@https://service.force.com/embeddedservice/5.0/frame/chasitor.esw.min.js:5:68

1695808313280	Marionette	WARN	Ignoring event 'pageshow' because document has an invalid readyState of 'interactive'.
1695808314658	Marionette	INFO	Stopped listening on port 62353
JavaScript warning: https://www.gstatic.com/_/mss/boq-identity/_/js/k=boq-identity.IdpIFrameHttp.en_US.temKFsPbyvU.es5.O/d=1/rs=AOaEmlGG4frfxRBYf5nXYATqecArlM_70A/m=base, line 93: Script terminated by timeout at:
Kd@https://www.gstatic.com/_/mss/boq-identity/_/js/k=boq-identity.IdpIFrameHttp.en_US.temKFsPbyvU.es5.O/d=1/rs=AOaEmlGG4frfxRBYf5nXYATqecArlM_70A/m=base:93:463
zf@https://www.gstatic.com/_/mss/boq-identity/_/js/k=boq-identity.IdpIFrameHttp.en_US.temKFsPbyvU.es5.O/d=1/rs=AOaEmlGG4frfxRBYf5nXYATqecArlM_70A/m=base:115:110
T.prototype.B@https://www.gstatic.com/_/mss/boq-identity/_/js/k=boq-identity.IdpIFrameHttp.en_US.temKFsPbyvU.es5.O/d=1/rs=AOaEmlGG4frfxRBYf5nXYATqecArlM_70A/m=base:116:803

JavaScript warning: https://service.force.com/embeddedservice/5.0/utils/common.min.js, line 4: Script terminated by timeout at:
f.prototype.isCommunityOrSite@https://service.force.com/embeddedservice/5.0/utils/common.min.js:4:390
d.prototype.loadLightningOutScripts/<@https://service.force.com/embeddedservice/5.0/esw.min.js:10:28
d.prototype.loadLightningOutScripts@https://service.force.com/embeddedservice/5.0/esw.min.js:9:363
d.prototype.bootstrapEmbeddedService/<@https://service.force.com/embeddedservice/5.0/esw.min.js:14:512
d.prototype.bootstrapEmbeddedService@https://service.force.com/embeddedservice/5.0/esw.min.js:14:469
initESW/</<@https://accounts.simplilearn.com/user/login?redirect_url=https%3A%2F%2Flms.simplilearn.com%2F:364:19

Dynamically enable window occlusion 1
]]></system-err>
  </testcase>
  <testcase name="Validate the application for failure scenario using parameters" classname="This feature is to test the simplilearn application for both success and failure scenario" time="18.049">
    <system-out><![CDATA[
@Browser @Regression @Sanity
Scenario Outline: Validate the application for failure scenario using parameters             # src/test/java/features/Login.feature:40
  Given I have launched the application                                                      # stepdefs.LoginstepDef.i_have_launched_the_application()
  And I click on login link                                                                  # stepdefs.LoginstepDef.i_click_on_login_link()
  When I enter the username as "new@qwe.com"                                                 # stepdefs.LoginstepDef.i_enter_the_username_as(java.lang.String)
  And I enter the password as "Aqw@1234"                                                     # stepdefs.LoginstepDef.i_enter_the_password_as(java.lang.String)
  And I click the login button                                                               # stepdefs.LoginstepDef.i_click_the_login_button()
  Then I should get an error message as "The email or password you have entered is invalid." # stepdefs.LoginstepDef.i_should_get_an_error_message_as(java.lang.String)
]]></system-out>
    <system-err><![CDATA[1695808316233	geckodriver	INFO	Listening on 127.0.0.1:23260
1695808316728	mozrunner::runner	INFO	Running command: "C:\\Program Files\\Mozilla Firefox\\firefox.exe" "--marionette" "-no-remote" "-profile" "C:\\Users\\Sweta\\AppData\\Local\\Temp\\rust_mozprofiledTLns0"
console.warn: services.settings: Ignoring preference override of remote settings server
console.warn: services.settings: Allow by setting MOZ_REMOTE_SETTINGS_DEVTOOLS=1 in the environment
1695808317194	Marionette	INFO	Marionette enabled
Dynamically enable window occlusion 0
1695808317976	Marionette	INFO	Listening on port 62469
Read port: 62469
1695808318243	RemoteAgent	WARN	TLS certificate errors will be ignored for this session
Sep 27, 2023 3:22:00 PM org.openqa.selenium.remote.ProtocolHandshake createSession
INFO: Detected dialect: W3C
1695808322036	Marionette	WARN	Ignoring event 'DOMContentLoaded' because document has an invalid readyState of 'complete'.
JavaScript warning: https://accounts.simplilearn.com/user/login?redirect_url=https%3A%2F%2Flms.simplilearn.com%2F, line 748: unreachable code after return statement
1695808324971	Marionette	WARN	Ignoring event 'pageshow' because document has an invalid readyState of 'interactive'.
JavaScript error: https://cfaccounts.simplicdn.net/core/js/utility.1660046122.js, line 71: SyntaxError: JSON.parse: unexpected character at line 1 column 1 of the JSON data
console.warn: LoginRecipes: "Falling back to a synchronous message for: https://accounts.simplilearn.com."
console.warn: LoginRecipes: "Falling back to a synchronous message for: https://accounts.simplilearn.com."
JavaScript warning: https://accounts.simplilearn.com/user/login?redirect_url=https%3A%2F%2Flms.simplilearn.com%2F, line 748: unreachable code after return statement
JavaScript warning: https://service.force.com/embeddedservice/5.0/frame/chasitor.esw.min.js, line 5: Script terminated by timeout at:
e/<@https://service.force.com/embeddedservice/5.0/frame/chasitor.esw.min.js:5:68

1695808331551	Marionette	WARN	Ignoring event 'pageshow' because document has an invalid readyState of 'interactive'.
1695808332838	Marionette	INFO	Stopped listening on port 62469
JavaScript warning: https://service.force.com/embeddedservice/5.0/utils/common.min.js, line 4: Script terminated by timeout at:
f.prototype.isCommunityOrSite@https://service.force.com/embeddedservice/5.0/utils/common.min.js:4:390
d.prototype.loadLightningOutScripts/<@https://service.force.com/embeddedservice/5.0/esw.min.js:10:28
d.prototype.loadLightningOutScripts@https://service.force.com/embeddedservice/5.0/esw.min.js:9:363
d.prototype.bootstrapEmbeddedService/<@https://service.force.com/embeddedservice/5.0/esw.min.js:14:512
d.prototype.bootstrapEmbeddedService@https://service.force.com/embeddedservice/5.0/esw.min.js:14:469
initESW/</<@https://accounts.simplilearn.com/user/login?redirect_url=https%3A%2F%2Flms.simplilearn.com%2F:364:19

JavaScript warning: https://www.gstatic.com/_/mss/boq-identity/_/js/k=boq-identity.IdpIFrameHttp.en_US.temKFsPbyvU.es5.O/d=1/rs=AOaEmlGG4frfxRBYf5nXYATqecArlM_70A/m=base, line 93: Script terminated by timeout at:
Kd@https://www.gstatic.com/_/mss/boq-identity/_/js/k=boq-identity.IdpIFrameHttp.en_US.temKFsPbyvU.es5.O/d=1/rs=AOaEmlGG4frfxRBYf5nXYATqecArlM_70A/m=base:93:463
zf@https://www.gstatic.com/_/mss/boq-identity/_/js/k=boq-identity.IdpIFrameHttp.en_US.temKFsPbyvU.es5.O/d=1/rs=AOaEmlGG4frfxRBYf5nXYATqecArlM_70A/m=base:115:110
T.prototype.B@https://www.gstatic.com/_/mss/boq-identity/_/js/k=boq-identity.IdpIFrameHttp.en_US.temKFsPbyvU.es5.O/d=1/rs=AOaEmlGG4frfxRBYf5nXYATqecArlM_70A/m=base:116:803

Dynamically enable window occlusion 1
]]></system-err>
  </testcase>
</testsuite>